2016-12-26 17:05:05,232 - INFO - Verifying Webserver [query.yahooapis.com/v1/public/yql?q=select%20*%20from%20weather.forecast%20where%20woeid%20in%20(select%20woeid%20from%20geo.places(1)%20where%20text%3D%22boston%2C%20ma%22)&format=json&env=store%3A%2F%2Fdatatables.org%2Falltableswithkeys]
2016-12-26 17:05:10,663 - INFO - Unable to send e-mail
2016-12-26 17:05:10,664 - INFO - Request Time: 5.1622045040130615 seconds, Return Json: {"query": {"count": 0, "created": "2016-12-26T22:05:12Z", "lang": "en-US", "results": null}}
2016-12-26 17:05:10,668 - INFO - Verifying Webserver [www.omdbapi.com/?t=Beauty+and+the+Beast&y=&plot=short&r=json]
2016-12-26 17:05:10,798 - INFO - Request Time: 0.12714743614196777 seconds, Return Json: {"Title": "Beauty and the Beast", "Year": "1991", "Rated": "G", "Released": "22 Nov 1991", "Runtime": "84 min", "Genre": "Animation, Family, Fantasy", "Director": "Gary Trousdale, Kirk Wise", "Writer": "Linda Woolverton (animation screenplay by), Brenda Chapman (story), Chris Sanders (story), Burny Mattinson (story), Kevin Harkey (story), Brian Pimental (story), Bruce Woodside (story), Joe Ranft (story), Tom Ellery (story), Kelly Asbury (story), Robert Lence (story)", "Actors": "Robby Benson, Jesse Corti, Rex Everhart, Angela Lansbury", "Plot": "Belle, whose father is imprisoned by the Beast, offers herself instead, unaware her captor to be an enchanted prince.", "Language": "English, French", "Country": "USA", "Awards": "Won 2 Oscars. Another 25 wins & 21 nominations.", "Poster": "https://images-na.ssl-images-amazon.com/images/M/MV5BMzE5MDM1NDktY2I0OC00YWI5LTk2NzUtYjczNDczOWQxYjM0XkEyXkFqcGdeQXVyMTQxNzMzNDI@._V1_SX300.jpg", "Metascore": "95", "imdbRating": "8.0", "imdbVotes": "317,123", "imdbID": "tt0101414", "Type": "movie", "Response": "True"}
2016-12-26 17:05:10,803 - INFO - Verifying Webserver [www.notrealsite.com/api/?q=steak]
2016-12-26 17:05:12,203 - INFO - Unable to send e-mail
2016-12-26 17:05:12,203 - ERROR - URLError for webserver: www.notrealsite.com/api/?q=steak
2016-12-26 17:05:12,205 - INFO - Request Time: 0 seconds, Return Json: []
2016-12-26 17:05:12,208 - INFO - Verifying Webserver [en.wikipedia.org/w/api.php?action=query&titles=Albert_Einstein&prop=images&format=json]
2016-12-26 17:05:12,526 - INFO - Request Time: 0.31629347801208496 seconds, Return Json: {"continue": {"imcontinue": "736|Albert_Einstein_signature_1934.svg", "continue": "||"}, "query": {"normalized": [{"from": "Albert_Einstein", "to": "Albert Einstein"}], "pages": {"736": {"pageid": 736, "ns": 0, "title": "Albert Einstein", "images": [{"ns": 6, "title": "File:1919 eclipse positive.jpg"}, {"ns": 6, "title": "File:Albert Einstein's exam of maturity grades (color2).jpg"}, {"ns": 6, "title": "File:Albert Einstein (Nobel).png"}, {"ns": 6, "title": "File:Albert Einstein Head.jpg"}, {"ns": 6, "title": "File:Albert Einstein and Charlie Chaplin - 1931.jpg"}, {"ns": 6, "title": "File:Albert Einstein as a child.jpg"}, {"ns": 6, "title": "File:Albert Einstein at the age of three (1882).jpg"}, {"ns": 6, "title": "File:Albert Einstein german.ogg"}, {"ns": 6, "title": "File:Albert Einstein photo 1920.jpg"}, {"ns": 6, "title": "File:Albert Einstein photo 1921.jpg"}]}}}}
2016-12-26 17:05:35,018 - INFO - Verifying Webserver [query.yahooapis.com/v1/public/yql?q=select%20*%20from%20weather.forecast%20where%20woeid%20in%20(select%20woeid%20from%20geo.places(1)%20where%20text%3D%22boston%2C%20ma%22)&format=json&env=store%3A%2F%2Fdatatables.org%2Falltableswithkeys]
2016-12-26 17:05:40,421 - INFO - Unable to send e-mail
2016-12-26 17:05:40,422 - INFO - Request Time: 5.15474534034729 seconds, Return Json: {"query": {"count": 0, "created": "2016-12-26T22:05:42Z", "lang": "en-US", "results": null}}
2016-12-26 17:05:40,427 - INFO - Verifying Webserver [www.omdbapi.com/?t=Beauty+and+the+Beast&y=&plot=short&r=json]
2016-12-26 17:05:40,509 - INFO - Request Time: 0.07993769645690918 seconds, Return Json: {"Title": "Beauty and the Beast", "Year": "1991", "Rated": "G", "Released": "22 Nov 1991", "Runtime": "84 min", "Genre": "Animation, Family, Fantasy", "Director": "Gary Trousdale, Kirk Wise", "Writer": "Linda Woolverton (animation screenplay by), Brenda Chapman (story), Chris Sanders (story), Burny Mattinson (story), Kevin Harkey (story), Brian Pimental (story), Bruce Woodside (story), Joe Ranft (story), Tom Ellery (story), Kelly Asbury (story), Robert Lence (story)", "Actors": "Robby Benson, Jesse Corti, Rex Everhart, Angela Lansbury", "Plot": "Belle, whose father is imprisoned by the Beast, offers herself instead, unaware her captor to be an enchanted prince.", "Language": "English, French", "Country": "USA", "Awards": "Won 2 Oscars. Another 25 wins & 21 nominations.", "Poster": "https://images-na.ssl-images-amazon.com/images/M/MV5BMzE5MDM1NDktY2I0OC00YWI5LTk2NzUtYjczNDczOWQxYjM0XkEyXkFqcGdeQXVyMTQxNzMzNDI@._V1_SX300.jpg", "Metascore": "95", "imdbRating": "8.0", "imdbVotes": "317,123", "imdbID": "tt0101414", "Type": "movie", "Response": "True"}
2016-12-26 17:05:40,515 - INFO - Verifying Webserver [www.notrealsite.com/api/?q=steak]
2016-12-26 17:05:41,939 - INFO - Unable to send e-mail
2016-12-26 17:05:41,939 - ERROR - URLError for webserver: www.notrealsite.com/api/?q=steak
2016-12-26 17:05:41,942 - INFO - Request Time: 0 seconds, Return Json: []
2016-12-26 17:05:41,945 - INFO - Verifying Webserver [en.wikipedia.org/w/api.php?action=query&titles=Albert_Einstein&prop=images&format=json]
2016-12-26 17:05:42,257 - INFO - Request Time: 0.30981945991516113 seconds, Return Json: {"continue": {"imcontinue": "736|Albert_Einstein_signature_1934.svg", "continue": "||"}, "query": {"normalized": [{"from": "Albert_Einstein", "to": "Albert Einstein"}], "pages": {"736": {"pageid": 736, "ns": 0, "title": "Albert Einstein", "images": [{"ns": 6, "title": "File:1919 eclipse positive.jpg"}, {"ns": 6, "title": "File:Albert Einstein's exam of maturity grades (color2).jpg"}, {"ns": 6, "title": "File:Albert Einstein (Nobel).png"}, {"ns": 6, "title": "File:Albert Einstein Head.jpg"}, {"ns": 6, "title": "File:Albert Einstein and Charlie Chaplin - 1931.jpg"}, {"ns": 6, "title": "File:Albert Einstein as a child.jpg"}, {"ns": 6, "title": "File:Albert Einstein at the age of three (1882).jpg"}, {"ns": 6, "title": "File:Albert Einstein german.ogg"}, {"ns": 6, "title": "File:Albert Einstein photo 1920.jpg"}, {"ns": 6, "title": "File:Albert Einstein photo 1921.jpg"}]}}}}
